<?xml version="1.0" ?>
<coverage version="7.4.0" timestamp="1705967702549" lines-valid="0" lines-covered="0" line-rate="1" branches-covered="0" branches-valid="0" branch-rate="0" complexity="0">
	<!-- Generated by coverage.py: https://coverage.readthedocs.io/en/7.4.0 -->
	<!-- Based on https://raw.githubusercontent.com/cobertura/web/master/htdocs/xml/coverage-04.dtd -->
	<sources>
		<source>/Users/jbunton/Documents/Code/railroad-tycoon</source>
	</sources>
	<packages>
		<package name="railroad-tycoon" line-rate="1" branch-rate="0" complexity="0">
			<classes>
				<class name="__init__.py" filename="railroad-tycoon/__init__.py" complexity="0" line-rate="1" branch-rate="0">
					<methods/>
					<lines/>
				</class>
			</classes>
		</package>
		<package name="railroad-tycoon.sim" line-rate="1" branch-rate="0" complexity="0">
			<classes>
				<class name="__init__.py" filename="railroad-tycoon/sim/__init__.py" complexity="0" line-rate="1" branch-rate="0">
					<methods/>
					<lines/>
				</class>
				<class name="lib.py" filename="railroad-tycoon/sim/lib.py" complexity="0" line-rate="1" branch-rate="0">
					<methods/>
					<lines/>
				</class>
			</classes>
		</package>
		<package name="railroad-tycoon.viz" line-rate="1" branch-rate="0" complexity="0">
			<classes>
				<class name="__init__.py" filename="railroad-tycoon/viz/__init__.py" complexity="0" line-rate="1" branch-rate="0">
					<methods/>
					<lines/>
				</class>
			</classes>
		</package>
	</packages>
</coverage>
